[2022-11-17 10:22:19] local.ERROR: Trying to access array offset on value of type null {"view":{"view":"C:\\Users\\mahfaz\\Downloads\\homeCinema-main\\homeCinema-main\\resources\\views\\livewire\\torrent-stats.blade.php","data":[]},"exception":"[object] (Spatie\\LaravelIgnition\\Exceptions\\ViewException(code: 0): Trying to access array offset on value of type null at C:\\Users\\mahfaz\\Downloads\\homeCinema-main\\homeCinema-main\\storage\\framework\\views\\e9e71d849c4f80b70fc4e94bef733f8975f113a6.php:9)
[stacktrace]
#0 C:\\Users\\mahfaz\\Downloads\\homeCinema-main\\homeCinema-main\\vendor\\laravel\\framework\\src\\Illuminate\\Foundation\\Bootstrap\\HandleExceptions.php(259): Illuminate\\Foundation\\Bootstrap\\HandleExceptions->handleError(2, 'Trying to acces...', 'C:\\\\Users\\\\mahfaz...', 9)
#1 C:\\Users\\mahfaz\\Downloads\\homeCinema-main\\homeCinema-main\\storage\\framework\\views\\e9e71d849c4f80b70fc4e94bef733f8975f113a6.php(9): Illuminate\\Foundation\\Bootstrap\\HandleExceptions->Illuminate\\Foundation\\Bootstrap\\{closure}(2, 'Trying to acces...', 'C:\\\\Users\\\\mahfaz...', 9)
#2 C:\\Users\\mahfaz\\Downloads\\homeCinema-main\\homeCinema-main\\vendor\\livewire\\livewire\\src\\ComponentConcerns\\RendersLivewireComponents.php(83): include('C:\\\\Users\\\\mahfaz...')
#3 C:\\Users\\mahfaz\\Downloads\\homeCinema-main\\homeCinema-main\\vendor\\livewire\\livewire\\src\\ComponentConcerns\\RendersLivewireComponents.php(84): App\\Http\\Livewire\\TorrentStats->Livewire\\ComponentConcerns\\{closure}()
#4 C:\\Users\\mahfaz\\Downloads\\homeCinema-main\\homeCinema-main\\vendor\\livewire\\livewire\\src\\ComponentConcerns\\RendersLivewireComponents.php(59): Livewire\\LivewireViewCompilerEngine->evaluatePath('C:\\\\Users\\\\mahfaz...', Array)
#5 C:\\Users\\mahfaz\\Downloads\\homeCinema-main\\homeCinema-main\\vendor\\laravel\\framework\\src\\Illuminate\\View\\View.php(152): Livewire\\LivewireViewCompilerEngine->get('C:\\\\Users\\\\mahfaz...', Array)
#6 C:\\Users\\mahfaz\\Downloads\\homeCinema-main\\homeCinema-main\\vendor\\laravel\\framework\\src\\Illuminate\\View\\View.php(135): Illuminate\\View\\View->getContents()
#7 C:\\Users\\mahfaz\\Downloads\\homeCinema-main\\homeCinema-main\\vendor\\laravel\\framework\\src\\Illuminate\\View\\View.php(104): Illuminate\\View\\View->renderContents()
#8 C:\\Users\\mahfaz\\Downloads\\homeCinema-main\\homeCinema-main\\vendor\\livewire\\livewire\\src\\Component.php(235): Illuminate\\View\\View->render()
#9 C:\\Users\\mahfaz\\Downloads\\homeCinema-main\\homeCinema-main\\vendor\\livewire\\livewire\\src\\HydrationMiddleware\\RenderView.php(14): Livewire\\Component->output()
#10 C:\\Users\\mahfaz\\Downloads\\homeCinema-main\\homeCinema-main\\vendor\\livewire\\livewire\\src\\LifecycleManager.php(154): Livewire\\HydrationMiddleware\\RenderView::dehydrate(Object(App\\Http\\Livewire\\TorrentStats), Object(Livewire\\Response))
#11 C:\\Users\\mahfaz\\Downloads\\homeCinema-main\\homeCinema-main\\vendor\\livewire\\livewire\\src\\Connection\\ConnectionHandler.php(15): Livewire\\LifecycleManager->dehydrate()
#12 C:\\Users\\mahfaz\\Downloads\\homeCinema-main\\homeCinema-main\\vendor\\livewire\\livewire\\src\\Controllers\\HttpConnectionHandler.php(20): Livewire\\Connection\\ConnectionHandler->handle(Array)
#13 C:\\Users\\mahfaz\\Downloads\\homeCinema-main\\homeCinema-main\\vendor\\laravel\\framework\\src\\Illuminate\\Routing\\ControllerDispatcher.php(46): Livewire\\Controllers\\HttpConnectionHandler->__invoke('torrent-stats')
#14 C:\\Users\\mahfaz\\Downloads\\homeCinema-main\\homeCinema-main\\vendor\\laravel\\framework\\src\\Illuminate\\Routing\\Route.php(260): Illuminate\\Routing\\ControllerDispatcher->dispatch(Object(Illuminate\\Routing\\Route), Object(Livewire\\Controllers\\HttpConnectionHandler), '__invoke')
#15 C:\\Users\\mahfaz\\Downloads\\homeCinema-main\\homeCinema-main\\vendor\\laravel\\framework\\src\\Illuminate\\Routing\\Route.php(205): Illuminate\\Routing\\Route->runController()
#16 C:\\Users\\mahfaz\\Downloads\\homeCinema-main\\homeCinema-main\\vendor\\laravel\\framework\\src\\Illuminate\\Routing\\Router.php(727): Illuminate\\Routing\\Route->run()
#17 C:\\Users\\mahfaz\\Downloads\\homeCinema-main\\homeCinema-main\\vendor\\laravel\\framework\\src\\Illuminate\\Pipeline\\Pipeline.php(141): Illuminate\\Routing\\Router->Illuminate\\Routing\\{closure}(Object(Illuminate\\Http\\Request))
#18 C:\\Users\\mahfaz\\Downloads\\homeCinema-main\\homeCinema-main\\vendor\\laravel\\framework\\src\\Illuminate\\Routing\\Middleware\\SubstituteBindings.php(50): Illuminate\\Pipeline\\Pipeline->Illuminate\\Pipeline\\{closure}(Object(Illuminate\\Http\\Request))
#19 C:\\Users\\mahfaz\\Downloads\\homeCinema-main\\homeCinema-main\\vendor\\laravel\\framework\\src\\Illuminate\\Pipeline\\Pipeline.php(180): Illuminate\\Routing\\Middleware\\SubstituteBindings->handle(Object(Illuminate\\Http\\Request), Object(Closure))
#20 C:\\Users\\mahfaz\\Downloads\\homeCinema-main\\homeCinema-main\\vendor\\laravel\\framework\\src\\Illuminate\\Foundation\\Http\\Middleware\\VerifyCsrfToken.php(78): Illuminate\\Pipeline\\Pipeline->Illuminate\\Pipeline\\{closure}(Object(Illuminate\\Http\\Request))
#21 C:\\Users\\mahfaz\\Downloads\\homeCinema-main\\homeCinema-main\\vendor\\laravel\\framework\\src\\Illuminate\\Pipeline\\Pipeline.php(180): Illuminate\\Foundation\\Http\\Middleware\\VerifyCsrfToken->handle(Object(Illuminate\\Http\\Request), Object(Closure))
#22 C:\\Users\\mahfaz\\Downloads\\homeCinema-main\\homeCinema-main\\vendor\\laravel\\framework\\src\\Illuminate\\View\\Middleware\\ShareErrorsFromSession.php(49): Illuminate\\Pipeline\\Pipeline->Illuminate\\Pipeline\\{closure}(Object(Illuminate\\Http\\Request))
#23 C:\\Users\\mahfaz\\Downloads\\homeCinema-main\\homeCinema-main\\vendor\\laravel\\framework\\src\\Illuminate\\Pipeline\\Pipeline.php(180): Illuminate\\View\\Middleware\\ShareErrorsFromSession->handle(Object(Illuminate\\Http\\Request), Object(Closure))
#24 C:\\Users\\mahfaz\\Downloads\\homeCinema-main\\homeCinema-main\\vendor\\laravel\\framework\\src\\Illuminate\\Session\\Middleware\\StartSession.php(121): Illuminate\\Pipeline\\Pipeline->Illuminate\\Pipeline\\{closure}(Object(Illuminate\\Http\\Request))
#25 C:\\Users\\mahfaz\\Downloads\\homeCinema-main\\homeCinema-main\\vendor\\laravel\\framework\\src\\Illuminate\\Session\\Middleware\\StartSession.php(64): Illuminate\\Session\\Middleware\\StartSession->handleStatefulRequest(Object(Illuminate\\Http\\Request), Object(Illuminate\\Session\\Store), Object(Closure))
#26 C:\\Users\\mahfaz\\Downloads\\homeCinema-main\\homeCinema-main\\vendor\\laravel\\framework\\src\\Illuminate\\Pipeline\\Pipeline.php(180): Illuminate\\Session\\Middleware\\StartSession->handle(Object(Illuminate\\Http\\Request), Object(Closure))
#27 C:\\Users\\mahfaz\\Downloads\\homeCinema-main\\homeCinema-main\\vendor\\laravel\\framework\\src\\Illuminate\\Cookie\\Middleware\\AddQueuedCookiesToResponse.php(37): Illuminate\\Pipeline\\Pipeline->Illuminate\\Pipeline\\{closure}(Object(Illuminate\\Http\\Request))
#28 C:\\Users\\mahfaz\\Downloads\\homeCinema-main\\homeCinema-main\\vendor\\laravel\\framework\\src\\Illuminate\\Pipeline\\Pipeline.php(180): Illuminate\\Cookie\\Middleware\\AddQueuedCookiesToResponse->handle(Object(Illuminate\\Http\\Request), Object(Closure))
#29 C:\\Users\\mahfaz\\Downloads\\homeCinema-main\\homeCinema-main\\vendor\\laravel\\framework\\src\\Illuminate\\Cookie\\Middleware\\EncryptCookies.php(67): Illuminate\\Pipeline\\Pipeline->Illuminate\\Pipeline\\{closure}(Object(Illuminate\\Http\\Request))
#30 C:\\Users\\mahfaz\\Downloads\\homeCinema-main\\homeCinema-main\\vendor\\laravel\\framework\\src\\Illuminate\\Pipeline\\Pipeline.php(180): Illuminate\\Cookie\\Middleware\\EncryptCookies->handle(Object(Illuminate\\Http\\Request), Object(Closure))
#31 C:\\Users\\mahfaz\\Downloads\\homeCinema-main\\homeCinema-main\\vendor\\laravel\\framework\\src\\Illuminate\\Pipeline\\Pipeline.php(116): Illuminate\\Pipeline\\Pipeline->Illuminate\\Pipeline\\{closure}(Object(Illuminate\\Http\\Request))
#32 C:\\Users\\mahfaz\\Downloads\\homeCinema-main\\homeCinema-main\\vendor\\laravel\\framework\\src\\Illuminate\\Routing\\Router.php(728): Illuminate\\Pipeline\\Pipeline->then(Object(Closure))
#33 C:\\Users\\mahfaz\\Downloads\\homeCinema-main\\homeCinema-main\\vendor\\laravel\\framework\\src\\Illuminate\\Routing\\Router.php(705): Illuminate\\Routing\\Router->runRouteWithinStack(Object(Illuminate\\Routing\\Route), Object(Illuminate\\Http\\Request))
#34 C:\\Users\\mahfaz\\Downloads\\homeCinema-main\\homeCinema-main\\vendor\\laravel\\framework\\src\\Illuminate\\Routing\\Router.php(669): Illuminate\\Routing\\Router->runRoute(Object(Illuminate\\Http\\Request), Object(Illuminate\\Routing\\Route))
#35 C:\\Users\\mahfaz\\Downloads\\homeCinema-main\\homeCinema-main\\vendor\\laravel\\framework\\src\\Illuminate\\Routing\\Router.php(658): Illuminate\\Routing\\Router->dispatchToRoute(Object(Illuminate\\Http\\Request))
#36 C:\\Users\\mahfaz\\Downloads\\homeCinema-main\\homeCinema-main\\vendor\\laravel\\framework\\src\\Illuminate\\Foundation\\Http\\Kernel.php(190): Illuminate\\Routing\\Router->dispatch(Object(Illuminate\\Http\\Request))
#37 C:\\Users\\mahfaz\\Downloads\\homeCinema-main\\homeCinema-main\\vendor\\laravel\\framework\\src\\Illuminate\\Pipeline\\Pipeline.php(141): Illuminate\\Foundation\\Http\\Kernel->Illuminate\\Foundation\\Http\\{closure}(Object(Illuminate\\Http\\Request))
#38 C:\\Users\\mahfaz\\Downloads\\homeCinema-main\\homeCinema-main\\vendor\\livewire\\livewire\\src\\DisableBrowserCache.php(19): Illuminate\\Pipeline\\Pipeline->Illuminate\\Pipeline\\{closure}(Object(Illuminate\\Http\\Request))
#39 C:\\Users\\mahfaz\\Downloads\\homeCinema-main\\homeCinema-main\\vendor\\laravel\\framework\\src\\Illuminate\\Pipeline\\Pipeline.php(180): Livewire\\DisableBrowserCache->handle(Object(Illuminate\\Http\\Request), Object(Closure))
#40 C:\\Users\\mahfaz\\Downloads\\homeCinema-main\\homeCinema-main\\vendor\\laravel\\framework\\src\\Illuminate\\Foundation\\Http\\Middleware\\ConvertEmptyStringsToNull.php(27): Illuminate\\Pipeline\\Pipeline->Illuminate\\Pipeline\\{closure}(Object(Illuminate\\Http\\Request))
#41 C:\\Users\\mahfaz\\Downloads\\homeCinema-main\\homeCinema-main\\vendor\\laravel\\framework\\src\\Illuminate\\Pipeline\\Pipeline.php(180): Illuminate\\Foundation\\Http\\Middleware\\ConvertEmptyStringsToNull->handle(Object(Illuminate\\Http\\Request), Object(Closure))
#42 C:\\Users\\mahfaz\\Downloads\\homeCinema-main\\homeCinema-main\\vendor\\laravel\\framework\\src\\Illuminate\\Foundation\\Http\\Middleware\\TrimStrings.php(36): Illuminate\\Pipeline\\Pipeline->Illuminate\\Pipeline\\{closure}(Object(Illuminate\\Http\\Request))
#43 C:\\Users\\mahfaz\\Downloads\\homeCinema-main\\homeCinema-main\\vendor\\laravel\\framework\\src\\Illuminate\\Pipeline\\Pipeline.php(180): Illuminate\\Foundation\\Http\\Middleware\\TrimStrings->handle(Object(Illuminate\\Http\\Request), Object(Closure))
#44 C:\\Users\\mahfaz\\Downloads\\homeCinema-main\\homeCinema-main\\vendor\\laravel\\framework\\src\\Illuminate\\Foundation\\Http\\Middleware\\ValidatePostSize.php(27): Illuminate\\Pipeline\\Pipeline->Illuminate\\Pipeline\\{closure}(Object(Illuminate\\Http\\Request))
#45 C:\\Users\\mahfaz\\Downloads\\homeCinema-main\\homeCinema-main\\vendor\\laravel\\framework\\src\\Illuminate\\Pipeline\\Pipeline.php(180): Illuminate\\Foundation\\Http\\Middleware\\ValidatePostSize->handle(Object(Illuminate\\Http\\Request), Object(Closure))
#46 C:\\Users\\mahfaz\\Downloads\\homeCinema-main\\homeCinema-main\\vendor\\laravel\\framework\\src\\Illuminate\\Foundation\\Http\\Middleware\\PreventRequestsDuringMaintenance.php(86): Illuminate\\Pipeline\\Pipeline->Illuminate\\Pipeline\\{closure}(Object(Illuminate\\Http\\Request))
#47 C:\\Users\\mahfaz\\Downloads\\homeCinema-main\\homeCinema-main\\vendor\\laravel\\framework\\src\\Illuminate\\Pipeline\\Pipeline.php(180): Illuminate\\Foundation\\Http\\Middleware\\PreventRequestsDuringMaintenance->handle(Object(Illuminate\\Http\\Request), Object(Closure))
#48 C:\\Users\\mahfaz\\Downloads\\homeCinema-main\\homeCinema-main\\vendor\\laravel\\framework\\src\\Illuminate\\Http\\Middleware\\HandleCors.php(49): Illuminate\\Pipeline\\Pipeline->Illuminate\\Pipeline\\{closure}(Object(Illuminate\\Http\\Request))
#49 C:\\Users\\mahfaz\\Downloads\\homeCinema-main\\homeCinema-main\\vendor\\laravel\\framework\\src\\Illuminate\\Pipeline\\Pipeline.php(180): Illuminate\\Http\\Middleware\\HandleCors->handle(Object(Illuminate\\Http\\Request), Object(Closure))
#50 C:\\Users\\mahfaz\\Downloads\\homeCinema-main\\homeCinema-main\\vendor\\laravel\\framework\\src\\Illuminate\\Http\\Middleware\\TrustProxies.php(39): Illuminate\\Pipeline\\Pipeline->Illuminate\\Pipeline\\{closure}(Object(Illuminate\\Http\\Request))
#51 C:\\Users\\mahfaz\\Downloads\\homeCinema-main\\homeCinema-main\\vendor\\laravel\\framework\\src\\Illuminate\\Pipeline\\Pipeline.php(180): Illuminate\\Http\\Middleware\\TrustProxies->handle(Object(Illuminate\\Http\\Request), Object(Closure))
#52 C:\\Users\\mahfaz\\Downloads\\homeCinema-main\\homeCinema-main\\vendor\\laravel\\framework\\src\\Illuminate\\Pipeline\\Pipeline.php(116): Illuminate\\Pipeline\\Pipeline->Illuminate\\Pipeline\\{closure}(Object(Illuminate\\Http\\Request))
#53 C:\\Users\\mahfaz\\Downloads\\homeCinema-main\\homeCinema-main\\vendor\\laravel\\framework\\src\\Illuminate\\Foundation\\Http\\Kernel.php(165): Illuminate\\Pipeline\\Pipeline->then(Object(Closure))
#54 C:\\Users\\mahfaz\\Downloads\\homeCinema-main\\homeCinema-main\\vendor\\laravel\\framework\\src\\Illuminate\\Foundation\\Http\\Kernel.php(134): Illuminate\\Foundation\\Http\\Kernel->sendRequestThroughRouter(Object(Illuminate\\Http\\Request))
#55 C:\\Users\\mahfaz\\Downloads\\homeCinema-main\\homeCinema-main\\public\\index.php(52): Illuminate\\Foundation\\Http\\Kernel->handle(Object(Illuminate\\Http\\Request))
#56 C:\\Users\\mahfaz\\Downloads\\homeCinema-main\\homeCinema-main\\vendor\\laravel\\framework\\src\\Illuminate\\Foundation\\resources\\server.php(16): require_once('C:\\\\Users\\\\mahfaz...')
#57 {main}

[previous exception] [object] (ErrorException(code: 0): Trying to access array offset on value of type null at C:\\Users\\mahfaz\\Downloads\\homeCinema-main\\homeCinema-main\\storage\\framework\\views\\e9e71d849c4f80b70fc4e94bef733f8975f113a6.php:9)
[stacktrace]
#0 C:\\Users\\mahfaz\\Downloads\\homeCinema-main\\homeCinema-main\\vendor\\laravel\\framework\\src\\Illuminate\\Foundation\\Bootstrap\\HandleExceptions.php(259): Illuminate\\Foundation\\Bootstrap\\HandleExceptions->handleError(2, 'Trying to acces...', 'C:\\\\Users\\\\mahfaz...', 9)
#1 C:\\Users\\mahfaz\\Downloads\\homeCinema-main\\homeCinema-main\\storage\\framework\\views\\e9e71d849c4f80b70fc4e94bef733f8975f113a6.php(9): Illuminate\\Foundation\\Bootstrap\\HandleExceptions->Illuminate\\Foundation\\Bootstrap\\{closure}(2, 'Trying to acces...', 'C:\\\\Users\\\\mahfaz...', 9)
#2 C:\\Users\\mahfaz\\Downloads\\homeCinema-main\\homeCinema-main\\vendor\\livewire\\livewire\\src\\ComponentConcerns\\RendersLivewireComponents.php(83): include('C:\\\\Users\\\\mahfaz...')
#3 C:\\Users\\mahfaz\\Downloads\\homeCinema-main\\homeCinema-main\\vendor\\livewire\\livewire\\src\\ComponentConcerns\\RendersLivewireComponents.php(84): App\\Http\\Livewire\\TorrentStats->Livewire\\ComponentConcerns\\{closure}()
#4 C:\\Users\\mahfaz\\Downloads\\homeCinema-main\\homeCinema-main\\vendor\\livewire\\livewire\\src\\ComponentConcerns\\RendersLivewireComponents.php(59): Livewire\\LivewireViewCompilerEngine->evaluatePath('C:\\\\Users\\\\mahfaz...', Array)
#5 C:\\Users\\mahfaz\\Downloads\\homeCinema-main\\homeCinema-main\\vendor\\laravel\\framework\\src\\Illuminate\\View\\View.php(152): Livewire\\LivewireViewCompilerEngine->get('C:\\\\Users\\\\mahfaz...', Array)
#6 C:\\Users\\mahfaz\\Downloads\\homeCinema-main\\homeCinema-main\\vendor\\laravel\\framework\\src\\Illuminate\\View\\View.php(135): Illuminate\\View\\View->getContents()
#7 C:\\Users\\mahfaz\\Downloads\\homeCinema-main\\homeCinema-main\\vendor\\laravel\\framework\\src\\Illuminate\\View\\View.php(104): Illuminate\\View\\View->renderContents()
#8 C:\\Users\\mahfaz\\Downloads\\homeCinema-main\\homeCinema-main\\vendor\\livewire\\livewire\\src\\Component.php(235): Illuminate\\View\\View->render()
#9 C:\\Users\\mahfaz\\Downloads\\homeCinema-main\\homeCinema-main\\vendor\\livewire\\livewire\\src\\HydrationMiddleware\\RenderView.php(14): Livewire\\Component->output()
#10 C:\\Users\\mahfaz\\Downloads\\homeCinema-main\\homeCinema-main\\vendor\\livewire\\livewire\\src\\LifecycleManager.php(154): Livewire\\HydrationMiddleware\\RenderView::dehydrate(Object(App\\Http\\Livewire\\TorrentStats), Object(Livewire\\Response))
#11 C:\\Users\\mahfaz\\Downloads\\homeCinema-main\\homeCinema-main\\vendor\\livewire\\livewire\\src\\Connection\\ConnectionHandler.php(15): Livewire\\LifecycleManager->dehydrate()
#12 C:\\Users\\mahfaz\\Downloads\\homeCinema-main\\homeCinema-main\\vendor\\livewire\\livewire\\src\\Controllers\\HttpConnectionHandler.php(20): Livewire\\Connection\\ConnectionHandler->handle(Array)
#13 C:\\Users\\mahfaz\\Downloads\\homeCinema-main\\homeCinema-main\\vendor\\laravel\\framework\\src\\Illuminate\\Routing\\ControllerDispatcher.php(46): Livewire\\Controllers\\HttpConnectionHandler->__invoke('torrent-stats')
#14 C:\\Users\\mahfaz\\Downloads\\homeCinema-main\\homeCinema-main\\vendor\\laravel\\framework\\src\\Illuminate\\Routing\\Route.php(260): Illuminate\\Routing\\ControllerDispatcher->dispatch(Object(Illuminate\\Routing\\Route), Object(Livewire\\Controllers\\HttpConnectionHandler), '__invoke')
#15 C:\\Users\\mahfaz\\Downloads\\homeCinema-main\\homeCinema-main\\vendor\\laravel\\framework\\src\\Illuminate\\Routing\\Route.php(205): Illuminate\\Routing\\Route->runController()
#16 C:\\Users\\mahfaz\\Downloads\\homeCinema-main\\homeCinema-main\\vendor\\laravel\\framework\\src\\Illuminate\\Routing\\Router.php(727): Illuminate\\Routing\\Route->run()
#17 C:\\Users\\mahfaz\\Downloads\\homeCinema-main\\homeCinema-main\\vendor\\laravel\\framework\\src\\Illuminate\\Pipeline\\Pipeline.php(141): Illuminate\\Routing\\Router->Illuminate\\Routing\\{closure}(Object(Illuminate\\Http\\Request))
#18 C:\\Users\\mahfaz\\Downloads\\homeCinema-main\\homeCinema-main\\vendor\\laravel\\framework\\src\\Illuminate\\Routing\\Middleware\\SubstituteBindings.php(50): Illuminate\\Pipeline\\Pipeline->Illuminate\\Pipeline\\{closure}(Object(Illuminate\\Http\\Request))
#19 C:\\Users\\mahfaz\\Downloads\\homeCinema-main\\homeCinema-main\\vendor\\laravel\\framework\\src\\Illuminate\\Pipeline\\Pipeline.php(180): Illuminate\\Routing\\Middleware\\SubstituteBindings->handle(Object(Illuminate\\Http\\Request), Object(Closure))
#20 C:\\Users\\mahfaz\\Downloads\\homeCinema-main\\homeCinema-main\\vendor\\laravel\\framework\\src\\Illuminate\\Foundation\\Http\\Middleware\\VerifyCsrfToken.php(78): Illuminate\\Pipeline\\Pipeline->Illuminate\\Pipeline\\{closure}(Object(Illuminate\\Http\\Request))
#21 C:\\Users\\mahfaz\\Downloads\\homeCinema-main\\homeCinema-main\\vendor\\laravel\\framework\\src\\Illuminate\\Pipeline\\Pipeline.php(180): Illuminate\\Foundation\\Http\\Middleware\\VerifyCsrfToken->handle(Object(Illuminate\\Http\\Request), Object(Closure))
#22 C:\\Users\\mahfaz\\Downloads\\homeCinema-main\\homeCinema-main\\vendor\\laravel\\framework\\src\\Illuminate\\View\\Middleware\\ShareErrorsFromSession.php(49): Illuminate\\Pipeline\\Pipeline->Illuminate\\Pipeline\\{closure}(Object(Illuminate\\Http\\Request))
#23 C:\\Users\\mahfaz\\Downloads\\homeCinema-main\\homeCinema-main\\vendor\\laravel\\framework\\src\\Illuminate\\Pipeline\\Pipeline.php(180): Illuminate\\View\\Middleware\\ShareErrorsFromSession->handle(Object(Illuminate\\Http\\Request), Object(Closure))
#24 C:\\Users\\mahfaz\\Downloads\\homeCinema-main\\homeCinema-main\\vendor\\laravel\\framework\\src\\Illuminate\\Session\\Middleware\\StartSession.php(121): Illuminate\\Pipeline\\Pipeline->Illuminate\\Pipeline\\{closure}(Object(Illuminate\\Http\\Request))
#25 C:\\Users\\mahfaz\\Downloads\\homeCinema-main\\homeCinema-main\\vendor\\laravel\\framework\\src\\Illuminate\\Session\\Middleware\\StartSession.php(64): Illuminate\\Session\\Middleware\\StartSession->handleStatefulRequest(Object(Illuminate\\Http\\Request), Object(Illuminate\\Session\\Store), Object(Closure))
#26 C:\\Users\\mahfaz\\Downloads\\homeCinema-main\\homeCinema-main\\vendor\\laravel\\framework\\src\\Illuminate\\Pipeline\\Pipeline.php(180): Illuminate\\Session\\Middleware\\StartSession->handle(Object(Illuminate\\Http\\Request), Object(Closure))
#27 C:\\Users\\mahfaz\\Downloads\\homeCinema-main\\homeCinema-main\\vendor\\laravel\\framework\\src\\Illuminate\\Cookie\\Middleware\\AddQueuedCookiesToResponse.php(37): Illuminate\\Pipeline\\Pipeline->Illuminate\\Pipeline\\{closure}(Object(Illuminate\\Http\\Request))
#28 C:\\Users\\mahfaz\\Downloads\\homeCinema-main\\homeCinema-main\\vendor\\laravel\\framework\\src\\Illuminate\\Pipeline\\Pipeline.php(180): Illuminate\\Cookie\\Middleware\\AddQueuedCookiesToResponse->handle(Object(Illuminate\\Http\\Request), Object(Closure))
#29 C:\\Users\\mahfaz\\Downloads\\homeCinema-main\\homeCinema-main\\vendor\\laravel\\framework\\src\\Illuminate\\Cookie\\Middleware\\EncryptCookies.php(67): Illuminate\\Pipeline\\Pipeline->Illuminate\\Pipeline\\{closure}(Object(Illuminate\\Http\\Request))
#30 C:\\Users\\mahfaz\\Downloads\\homeCinema-main\\homeCinema-main\\vendor\\laravel\\framework\\src\\Illuminate\\Pipeline\\Pipeline.php(180): Illuminate\\Cookie\\Middleware\\EncryptCookies->handle(Object(Illuminate\\Http\\Request), Object(Closure))
#31 C:\\Users\\mahfaz\\Downloads\\homeCinema-main\\homeCinema-main\\vendor\\laravel\\framework\\src\\Illuminate\\Pipeline\\Pipeline.php(116): Illuminate\\Pipeline\\Pipeline->Illuminate\\Pipeline\\{closure}(Object(Illuminate\\Http\\Request))
#32 C:\\Users\\mahfaz\\Downloads\\homeCinema-main\\homeCinema-main\\vendor\\laravel\\framework\\src\\Illuminate\\Routing\\Router.php(728): Illuminate\\Pipeline\\Pipeline->then(Object(Closure))
#33 C:\\Users\\mahfaz\\Downloads\\homeCinema-main\\homeCinema-main\\vendor\\laravel\\framework\\src\\Illuminate\\Routing\\Router.php(705): Illuminate\\Routing\\Router->runRouteWithinStack(Object(Illuminate\\Routing\\Route), Object(Illuminate\\Http\\Request))
#34 C:\\Users\\mahfaz\\Downloads\\homeCinema-main\\homeCinema-main\\vendor\\laravel\\framework\\src\\Illuminate\\Routing\\Router.php(669): Illuminate\\Routing\\Router->runRoute(Object(Illuminate\\Http\\Request), Object(Illuminate\\Routing\\Route))
#35 C:\\Users\\mahfaz\\Downloads\\homeCinema-main\\homeCinema-main\\vendor\\laravel\\framework\\src\\Illuminate\\Routing\\Router.php(658): Illuminate\\Routing\\Router->dispatchToRoute(Object(Illuminate\\Http\\Request))
#36 C:\\Users\\mahfaz\\Downloads\\homeCinema-main\\homeCinema-main\\vendor\\laravel\\framework\\src\\Illuminate\\Foundation\\Http\\Kernel.php(190): Illuminate\\Routing\\Router->dispatch(Object(Illuminate\\Http\\Request))
#37 C:\\Users\\mahfaz\\Downloads\\homeCinema-main\\homeCinema-main\\vendor\\laravel\\framework\\src\\Illuminate\\Pipeline\\Pipeline.php(141): Illuminate\\Foundation\\Http\\Kernel->Illuminate\\Foundation\\Http\\{closure}(Object(Illuminate\\Http\\Request))
#38 C:\\Users\\mahfaz\\Downloads\\homeCinema-main\\homeCinema-main\\vendor\\livewire\\livewire\\src\\DisableBrowserCache.php(19): Illuminate\\Pipeline\\Pipeline->Illuminate\\Pipeline\\{closure}(Object(Illuminate\\Http\\Request))
#39 C:\\Users\\mahfaz\\Downloads\\homeCinema-main\\homeCinema-main\\vendor\\laravel\\framework\\src\\Illuminate\\Pipeline\\Pipeline.php(180): Livewire\\DisableBrowserCache->handle(Object(Illuminate\\Http\\Request), Object(Closure))
#40 C:\\Users\\mahfaz\\Downloads\\homeCinema-main\\homeCinema-main\\vendor\\laravel\\framework\\src\\Illuminate\\Foundation\\Http\\Middleware\\ConvertEmptyStringsToNull.php(27): Illuminate\\Pipeline\\Pipeline->Illuminate\\Pipeline\\{closure}(Object(Illuminate\\Http\\Request))
#41 C:\\Users\\mahfaz\\Downloads\\homeCinema-main\\homeCinema-main\\vendor\\laravel\\framework\\src\\Illuminate\\Pipeline\\Pipeline.php(180): Illuminate\\Foundation\\Http\\Middleware\\ConvertEmptyStringsToNull->handle(Object(Illuminate\\Http\\Request), Object(Closure))
#42 C:\\Users\\mahfaz\\Downloads\\homeCinema-main\\homeCinema-main\\vendor\\laravel\\framework\\src\\Illuminate\\Foundation\\Http\\Middleware\\TrimStrings.php(36): Illuminate\\Pipeline\\Pipeline->Illuminate\\Pipeline\\{closure}(Object(Illuminate\\Http\\Request))
#43 C:\\Users\\mahfaz\\Downloads\\homeCinema-main\\homeCinema-main\\vendor\\laravel\\framework\\src\\Illuminate\\Pipeline\\Pipeline.php(180): Illuminate\\Foundation\\Http\\Middleware\\TrimStrings->handle(Object(Illuminate\\Http\\Request), Object(Closure))
#44 C:\\Users\\mahfaz\\Downloads\\homeCinema-main\\homeCinema-main\\vendor\\laravel\\framework\\src\\Illuminate\\Foundation\\Http\\Middleware\\ValidatePostSize.php(27): Illuminate\\Pipeline\\Pipeline->Illuminate\\Pipeline\\{closure}(Object(Illuminate\\Http\\Request))
#45 C:\\Users\\mahfaz\\Downloads\\homeCinema-main\\homeCinema-main\\vendor\\laravel\\framework\\src\\Illuminate\\Pipeline\\Pipeline.php(180): Illuminate\\Foundation\\Http\\Middleware\\ValidatePostSize->handle(Object(Illuminate\\Http\\Request), Object(Closure))
#46 C:\\Users\\mahfaz\\Downloads\\homeCinema-main\\homeCinema-main\\vendor\\laravel\\framework\\src\\Illuminate\\Foundation\\Http\\Middleware\\PreventRequestsDuringMaintenance.php(86): Illuminate\\Pipeline\\Pipeline->Illuminate\\Pipeline\\{closure}(Object(Illuminate\\Http\\Request))
#47 C:\\Users\\mahfaz\\Downloads\\homeCinema-main\\homeCinema-main\\vendor\\laravel\\framework\\src\\Illuminate\\Pipeline\\Pipeline.php(180): Illuminate\\Foundation\\Http\\Middleware\\PreventRequestsDuringMaintenance->handle(Object(Illuminate\\Http\\Request), Object(Closure))
#48 C:\\Users\\mahfaz\\Downloads\\homeCinema-main\\homeCinema-main\\vendor\\laravel\\framework\\src\\Illuminate\\Http\\Middleware\\HandleCors.php(49): Illuminate\\Pipeline\\Pipeline->Illuminate\\Pipeline\\{closure}(Object(Illuminate\\Http\\Request))
#49 C:\\Users\\mahfaz\\Downloads\\homeCinema-main\\homeCinema-main\\vendor\\laravel\\framework\\src\\Illuminate\\Pipeline\\Pipeline.php(180): Illuminate\\Http\\Middleware\\HandleCors->handle(Object(Illuminate\\Http\\Request), Object(Closure))
#50 C:\\Users\\mahfaz\\Downloads\\homeCinema-main\\homeCinema-main\\vendor\\laravel\\framework\\src\\Illuminate\\Http\\Middleware\\TrustProxies.php(39): Illuminate\\Pipeline\\Pipeline->Illuminate\\Pipeline\\{closure}(Object(Illuminate\\Http\\Request))
#51 C:\\Users\\mahfaz\\Downloads\\homeCinema-main\\homeCinema-main\\vendor\\laravel\\framework\\src\\Illuminate\\Pipeline\\Pipeline.php(180): Illuminate\\Http\\Middleware\\TrustProxies->handle(Object(Illuminate\\Http\\Request), Object(Closure))
#52 C:\\Users\\mahfaz\\Downloads\\homeCinema-main\\homeCinema-main\\vendor\\laravel\\framework\\src\\Illuminate\\Pipeline\\Pipeline.php(116): Illuminate\\Pipeline\\Pipeline->Illuminate\\Pipeline\\{closure}(Object(Illuminate\\Http\\Request))
#53 C:\\Users\\mahfaz\\Downloads\\homeCinema-main\\homeCinema-main\\vendor\\laravel\\framework\\src\\Illuminate\\Foundation\\Http\\Kernel.php(165): Illuminate\\Pipeline\\Pipeline->then(Object(Closure))
#54 C:\\Users\\mahfaz\\Downloads\\homeCinema-main\\homeCinema-main\\vendor\\laravel\\framework\\src\\Illuminate\\Foundation\\Http\\Kernel.php(134): Illuminate\\Foundation\\Http\\Kernel->sendRequestThroughRouter(Object(Illuminate\\Http\\Request))
#55 C:\\Users\\mahfaz\\Downloads\\homeCinema-main\\homeCinema-main\\public\\index.php(52): Illuminate\\Foundation\\Http\\Kernel->handle(Object(Illuminate\\Http\\Request))
#56 C:\\Users\\mahfaz\\Downloads\\homeCinema-main\\homeCinema-main\\vendor\\laravel\\framework\\src\\Illuminate\\Foundation\\resources\\server.php(16): require_once('C:\\\\Users\\\\mahfaz...')
#57 {main}
"} 
